<?xml version="1.0" encoding="UTF-8"?>
<testsuite name="com.ticketsystem.service.ShowDetServiceTest" tests="1" skipped="0" failures="0" errors="0" timestamp="2016-04-15T08:12:23" hostname="gimminchang-ui-MacBook-Pro.local" time="0.13">
  <properties/>
  <testcase name="test_ShowDet_등록" classname="com.ticketsystem.service.ShowDetServiceTest" time="0.13"/>
  <system-out><![CDATA[17:12:15.597 [Test worker] DEBUG o.s.t.c.j.SpringJUnit4ClassRunner - SpringJUnit4ClassRunner constructor called with [class com.ticketsystem.service.ShowDetServiceTest]
17:12:15.605 [Test worker] DEBUG o.s.test.context.BootstrapUtils - Instantiating CacheAwareContextLoaderDelegate from class [org.springframework.test.context.cache.DefaultCacheAwareContextLoaderDelegate]
17:12:15.614 [Test worker] DEBUG o.s.test.context.BootstrapUtils - Instantiating BootstrapContext using constructor [public org.springframework.test.context.support.DefaultBootstrapContext(java.lang.Class,org.springframework.test.context.CacheAwareContextLoaderDelegate)]
17:12:15.627 [Test worker] DEBUG o.s.test.context.BootstrapUtils - Instantiating TestContextBootstrapper for test class [com.ticketsystem.service.ShowDetServiceTest] from class [org.springframework.test.context.support.DefaultTestContextBootstrapper]
17:12:15.675 [Test worker] DEBUG o.s.t.c.s.DefaultTestContextBootstrapper - Found explicit ContextLoader class [org.springframework.boot.test.SpringApplicationContextLoader] for context configuration attributes [ContextConfigurationAttributes@5e0b8c64 declaringClass = 'com.ticketsystem.service.ShowDetServiceTest', classes = '{class com.ticketsystem.TicketSystemApplication}', locations = '{}', inheritLocations = true, initializers = '{}', inheritInitializers = true, name = [null], contextLoaderClass = 'org.springframework.boot.test.SpringApplicationContextLoader']
17:12:15.684 [Test worker] DEBUG o.s.t.c.s.AbstractContextLoader - Did not detect default resource location for test class [com.ticketsystem.service.ShowDetServiceTest]: class path resource [com/ticketsystem/service/ShowDetServiceTest-context.xml] does not exist
17:12:15.686 [Test worker] DEBUG o.s.t.c.s.AbstractContextLoader - Did not detect default resource location for test class [com.ticketsystem.service.ShowDetServiceTest]: class path resource [com/ticketsystem/service/ShowDetServiceTestContext.groovy] does not exist
17:12:15.692 [Test worker] INFO  o.s.t.c.s.AbstractContextLoader - Could not detect default resource locations for test class [com.ticketsystem.service.ShowDetServiceTest]: no resource found for suffixes {-context.xml, Context.groovy}.
17:12:15.697 [Test worker] DEBUG o.s.t.c.support.ActiveProfilesUtils - Could not find an 'annotation declaring class' for annotation type [org.springframework.test.context.ActiveProfiles] and class [com.ticketsystem.service.ShowDetServiceTest]
17:12:15.705 [Test worker] DEBUG o.s.t.c.s.DefaultTestContextBootstrapper - @TestExecutionListeners is not present for class [com.ticketsystem.service.ShowDetServiceTest]: using defaults.
17:12:15.716 [Test worker] INFO  o.s.t.c.s.DefaultTestContextBootstrapper - Loaded default TestExecutionListener class names from location [META-INF/spring.factories]: [org.springframework.test.context.web.ServletTestExecutionListener, org.springframework.test.context.support.DirtiesContextBeforeModesTestExecutionListener, org.springframework.test.context.support.DependencyInjectionTestExecutionListener, org.springframework.test.context.support.DirtiesContextTestExecutionListener, org.springframework.test.context.transaction.TransactionalTestExecutionListener, org.springframework.test.context.jdbc.SqlScriptsTestExecutionListener]
17:12:15.773 [Test worker] INFO  o.s.t.c.s.DefaultTestContextBootstrapper - Using TestExecutionListeners: [org.springframework.test.context.web.ServletTestExecutionListener@6e6e94b0, org.springframework.test.context.support.DirtiesContextBeforeModesTestExecutionListener@41da0f28, org.springframework.test.context.support.DependencyInjectionTestExecutionListener@16ceff92, org.springframework.test.context.support.DirtiesContextTestExecutionListener@75de0c72, org.springframework.test.context.transaction.TransactionalTestExecutionListener@6f0fdd6d, org.springframework.test.context.jdbc.SqlScriptsTestExecutionListener@7e3d3ceb]
17:12:15.784 [Test worker] DEBUG o.s.t.annotation.ProfileValueUtils - Retrieved @ProfileValueSourceConfiguration [null] for test class [com.ticketsystem.service.ShowDetServiceTest]
17:12:15.785 [Test worker] DEBUG o.s.t.annotation.ProfileValueUtils - Retrieved ProfileValueSource type [class org.springframework.test.annotation.SystemProfileValueSource] for class [com.ticketsystem.service.ShowDetServiceTest]
17:12:15.788 [Test worker] DEBUG o.s.t.annotation.ProfileValueUtils - Retrieved @ProfileValueSourceConfiguration [null] for test class [com.ticketsystem.service.ShowDetServiceTest]
17:12:15.788 [Test worker] DEBUG o.s.t.annotation.ProfileValueUtils - Retrieved ProfileValueSource type [class org.springframework.test.annotation.SystemProfileValueSource] for class [com.ticketsystem.service.ShowDetServiceTest]
17:12:15.789 [Test worker] DEBUG o.s.t.annotation.ProfileValueUtils - Retrieved @ProfileValueSourceConfiguration [null] for test class [com.ticketsystem.service.ShowDetServiceTest]
17:12:15.789 [Test worker] DEBUG o.s.t.annotation.ProfileValueUtils - Retrieved ProfileValueSource type [class org.springframework.test.annotation.SystemProfileValueSource] for class [com.ticketsystem.service.ShowDetServiceTest]
17:12:15.791 [Test worker] DEBUG o.s.t.c.s.AbstractDirtiesContextTestExecutionListener - Before test class: context [DefaultTestContext@10a347ff testClass = ShowDetServiceTest, testInstance = [null], testMethod = [null], testException = [null], mergedContextConfiguration = [MergedContextConfiguration@6f0292f testClass = ShowDetServiceTest, locations = '{}', classes = '{class com.ticketsystem.TicketSystemApplication}', contextInitializerClasses = '[]', activeProfiles = '{}', propertySourceLocations = '{}', propertySourceProperties = '{}', contextLoader = 'org.springframework.boot.test.SpringApplicationContextLoader', parent = [null]]], class annotated with @DirtiesContext [false] with mode [null].
17:12:15.792 [Test worker] DEBUG o.s.t.annotation.ProfileValueUtils - Retrieved @ProfileValueSourceConfiguration [null] for test class [com.ticketsystem.service.ShowDetServiceTest]
17:12:15.792 [Test worker] DEBUG o.s.t.annotation.ProfileValueUtils - Retrieved ProfileValueSource type [class org.springframework.test.annotation.SystemProfileValueSource] for class [com.ticketsystem.service.ShowDetServiceTest]
17:12:15.799 [Test worker] DEBUG o.s.t.c.s.DependencyInjectionTestExecutionListener - Performing dependency injection for test context [[DefaultTestContext@10a347ff testClass = ShowDetServiceTest, testInstance = com.ticketsystem.service.ShowDetServiceTest@3da46d10, testMethod = [null], testException = [null], mergedContextConfiguration = [MergedContextConfiguration@6f0292f testClass = ShowDetServiceTest, locations = '{}', classes = '{class com.ticketsystem.TicketSystemApplication}', contextInitializerClasses = '[]', activeProfiles = '{}', propertySourceLocations = '{}', propertySourceProperties = '{}', contextLoader = 'org.springframework.boot.test.SpringApplicationContextLoader', parent = [null]]]].
17:12:16.031 [Test worker] DEBUG o.s.core.env.StandardEnvironment - Adding [systemProperties] PropertySource with lowest search precedence
17:12:16.037 [Test worker] DEBUG o.s.core.env.StandardEnvironment - Adding [systemEnvironment] PropertySource with lowest search precedence
17:12:16.037 [Test worker] DEBUG o.s.core.env.StandardEnvironment - Initialized StandardEnvironment with PropertySources [systemProperties,systemEnvironment]
17:12:16.041 [Test worker] DEBUG o.s.core.env.StandardEnvironment - Adding [integrationTest] PropertySource with search precedence immediately lower than [systemEnvironment]

  .   ____          _            __ _ _
 /\\ / ___'_ __ _ _(_)_ __  __ _ \ \ \ \
( ( )\___ | '_ | '_| | '_ \/ _` | \ \ \ \
 \\/  ___)| |_)| | | | | || (_| |  ) ) ) )
  '  |____| .__|_| |_|_| |_\__, | / / / /
 =========|_|==============|___/=/_/_/_/
 :: Spring Boot ::        (v1.3.3.RELEASE)

2016-04-15 17:12:16.676  INFO 2220 --- [    Test worker] c.t.service.ShowDetServiceTest           : Starting ShowDetServiceTest on gimminchang-ui-MacBook-Pro.local with PID 2220 (/Users/mckim/Documents/study/ticketsystem/build/classes/test started by mckim in /Users/mckim/Documents/study/ticketsystem)
2016-04-15 17:12:16.677  INFO 2220 --- [    Test worker] c.t.service.ShowDetServiceTest           : No active profile set, falling back to default profiles: default
2016-04-15 17:12:16.815  INFO 2220 --- [    Test worker] s.c.a.AnnotationConfigApplicationContext : Refreshing org.springframework.context.annotation.AnnotationConfigApplicationContext@40cf1243: startup date [Fri Apr 15 17:12:16 KST 2016]; root of context hierarchy
2016-04-15 17:12:18.638  INFO 2220 --- [    Test worker] f.a.AutowiredAnnotationBeanPostProcessor : JSR-330 'javax.inject.Inject' annotation found and supported for autowiring
2016-04-15 17:12:19.519  INFO 2220 --- [    Test worker] j.LocalContainerEntityManagerFactoryBean : Building JPA container EntityManagerFactory for persistence unit 'default'
2016-04-15 17:12:19.562  INFO 2220 --- [    Test worker] o.hibernate.jpa.internal.util.LogHelper  : HHH000204: Processing PersistenceUnitInfo [
	name: default
	...]
2016-04-15 17:12:19.729  INFO 2220 --- [    Test worker] org.hibernate.Version                    : HHH000412: Hibernate Core {4.3.11.Final}
2016-04-15 17:12:19.735  INFO 2220 --- [    Test worker] org.hibernate.cfg.Environment            : HHH000206: hibernate.properties not found
2016-04-15 17:12:19.741  INFO 2220 --- [    Test worker] org.hibernate.cfg.Environment            : HHH000021: Bytecode provider name : javassist
2016-04-15 17:12:20.250  INFO 2220 --- [    Test worker] o.hibernate.annotations.common.Version   : HCANN000001: Hibernate Commons Annotations {4.0.5.Final}
2016-04-15 17:12:20.646  INFO 2220 --- [    Test worker] org.hibernate.dialect.Dialect            : HHH000400: Using dialect: org.hibernate.dialect.H2Dialect
2016-04-15 17:12:21.070  INFO 2220 --- [    Test worker] o.h.h.i.ast.ASTQueryTranslatorFactory    : HHH000397: Using ASTQueryTranslatorFactory
2016-04-15 17:12:21.882  INFO 2220 --- [    Test worker] org.hibernate.tool.hbm2ddl.SchemaExport  : HHH000227: Running hbm2ddl schema export
Hibernate: drop table show if exists
Hibernate: drop table show_det if exists
Hibernate: drop table ticketing if exists
Hibernate: drop table user if exists
Hibernate: create table show (show_seq bigint generated by default as identity, contents varchar(255), end_date varchar(255), reg_date timestamp, reg_id varchar(255), running_time varchar(255), show_cd varchar(255), start_date varchar(255), title varchar(255), update_date timestamp, update_id varchar(255), primary key (show_seq))
Hibernate: create table show_det (show_det_seq bigint generated by default as identity, inning integer, reg_date timestamp, reg_id varchar(255), selling_price integer, show_cd varchar(255), show_date varchar(255), show_det_cd varchar(255), show_time varchar(255), ticket_cnt integer, update_date timestamp, update_id varchar(255), show_seq bigint, primary key (show_det_seq))
Hibernate: create table ticketing (ticketing_seq bigint generated by default as identity, discount_price integer, discount_rate integer, purchase_price integer, show_cd varchar(255), showdet_cd varchar(255), ticketing_cd varchar(255), ticketing_cnt integer, ticketing_date timestamp, user_id varchar(255), primary key (ticketing_seq))
Hibernate: create table user (user_seq bigint generated by default as identity, reg_date timestamp, reg_id varchar(255), update_date timestamp, update_id varchar(255), user_id varchar(255), primary key (user_seq))
Hibernate: alter table show_det add constraint FK_s9mutw2x1u61p8cifru94h27v foreign key (show_seq) references show
2016-04-15 17:12:21.909  INFO 2220 --- [    Test worker] org.hibernate.tool.hbm2ddl.SchemaExport  : HHH000230: Schema export complete
2016-04-15 17:12:23.142  INFO 2220 --- [    Test worker] c.t.service.ShowDetServiceTest           : Started ShowDetServiceTest in 7.095 seconds (JVM running for 8.988)
2016-04-15 17:12:23.209  INFO 2220 --- [    Test worker] o.s.t.c.transaction.TransactionContext   : Began transaction (1) for test context [DefaultTestContext@10a347ff testClass = ShowDetServiceTest, testInstance = com.ticketsystem.service.ShowDetServiceTest@3da46d10, testMethod = test_ShowDet_등록@ShowDetServiceTest, testException = [null], mergedContextConfiguration = [MergedContextConfiguration@6f0292f testClass = ShowDetServiceTest, locations = '{}', classes = '{class com.ticketsystem.TicketSystemApplication}', contextInitializerClasses = '[]', activeProfiles = '{}', propertySourceLocations = '{}', propertySourceProperties = '{}', contextLoader = 'org.springframework.boot.test.SpringApplicationContextLoader', parent = [null]]]; transaction manager [org.springframework.orm.jpa.JpaTransactionManager@21e9685b]; rollback [true]
Hibernate: insert into show (show_seq, contents, end_date, reg_date, reg_id, running_time, show_cd, start_date, title, update_date, update_id) values (null, ?, ?, ?, ?, ?, ?, ?, ?, ?, ?)
Hibernate: insert into show_det (show_det_seq, inning, reg_date, reg_id, selling_price, show_seq, show_cd, show_date, show_det_cd, show_time, ticket_cnt, update_date, update_id) values (null, ?, ?, ?, ?, ?, ?, ?, ?, ?, ?, ?, ?)
2016-04-15 17:12:23.319  INFO 2220 --- [    Test worker] o.s.t.c.transaction.TransactionContext   : Rolled back transaction for test context [DefaultTestContext@10a347ff testClass = ShowDetServiceTest, testInstance = com.ticketsystem.service.ShowDetServiceTest@3da46d10, testMethod = test_ShowDet_등록@ShowDetServiceTest, testException = [null], mergedContextConfiguration = [MergedContextConfiguration@6f0292f testClass = ShowDetServiceTest, locations = '{}', classes = '{class com.ticketsystem.TicketSystemApplication}', contextInitializerClasses = '[]', activeProfiles = '{}', propertySourceLocations = '{}', propertySourceProperties = '{}', contextLoader = 'org.springframework.boot.test.SpringApplicationContextLoader', parent = [null]]].
]]></system-out>
  <system-err><![CDATA[]]></system-err>
</testsuite>
