<?xml version="1.0" encoding="UTF-8"?>
<testsuite name="com.ticketsystem.service.ShowServiceTest" tests="2" skipped="0" failures="0" errors="0" timestamp="2016-04-15T08:12:23" hostname="gimminchang-ui-MacBook-Pro.local" time="0.4">
  <properties/>
  <testcase name="test_Show_등록" classname="com.ticketsystem.service.ShowServiceTest" time="0.025"/>
  <testcase name="test_Show_FindAll_Page" classname="com.ticketsystem.service.ShowServiceTest" time="0.374"/>
  <system-out><![CDATA[2016-04-15 17:12:23.324  INFO 2220 --- [    Test worker] o.s.t.c.support.AbstractContextLoader    : Could not detect default resource locations for test class [com.ticketsystem.service.ShowServiceTest]: no resource found for suffixes {-context.xml, Context.groovy}.
2016-04-15 17:12:23.326  INFO 2220 --- [    Test worker] o.s.t.c.s.DefaultTestContextBootstrapper : Loaded default TestExecutionListener class names from location [META-INF/spring.factories]: [org.springframework.test.context.web.ServletTestExecutionListener, org.springframework.test.context.support.DirtiesContextBeforeModesTestExecutionListener, org.springframework.test.context.support.DependencyInjectionTestExecutionListener, org.springframework.test.context.support.DirtiesContextTestExecutionListener, org.springframework.test.context.transaction.TransactionalTestExecutionListener, org.springframework.test.context.jdbc.SqlScriptsTestExecutionListener]
2016-04-15 17:12:23.327  INFO 2220 --- [    Test worker] o.s.t.c.s.DefaultTestContextBootstrapper : Using TestExecutionListeners: [org.springframework.test.context.web.ServletTestExecutionListener@47eb65e6, org.springframework.test.context.support.DirtiesContextBeforeModesTestExecutionListener@1494be69, org.springframework.test.context.support.DependencyInjectionTestExecutionListener@f60774a, org.springframework.test.context.support.DirtiesContextTestExecutionListener@1bcb9619, org.springframework.test.context.transaction.TransactionalTestExecutionListener@71314d3, org.springframework.test.context.jdbc.SqlScriptsTestExecutionListener@364595ae]
2016-04-15 17:12:23.351  INFO 2220 --- [    Test worker] o.s.t.c.transaction.TransactionContext   : Began transaction (1) for test context [DefaultTestContext@78f77bff testClass = ShowServiceTest, testInstance = com.ticketsystem.service.ShowServiceTest@59b521cc, testMethod = test_Show_등록@ShowServiceTest, testException = [null], mergedContextConfiguration = [MergedContextConfiguration@3a937e0b testClass = ShowServiceTest, locations = '{}', classes = '{class com.ticketsystem.TicketSystemApplication}', contextInitializerClasses = '[]', activeProfiles = '{}', propertySourceLocations = '{}', propertySourceProperties = '{}', contextLoader = 'org.springframework.boot.test.SpringApplicationContextLoader', parent = [null]]]; transaction manager [org.springframework.orm.jpa.JpaTransactionManager@21e9685b]; rollback [true]
Hibernate: insert into show (show_seq, contents, end_date, reg_date, reg_id, running_time, show_cd, start_date, title, update_date, update_id) values (null, ?, ?, ?, ?, ?, ?, ?, ?, ?, ?)
2016-04-15 17:12:23.364  INFO 2220 --- [    Test worker] o.s.t.c.transaction.TransactionContext   : Rolled back transaction for test context [DefaultTestContext@78f77bff testClass = ShowServiceTest, testInstance = com.ticketsystem.service.ShowServiceTest@59b521cc, testMethod = test_Show_등록@ShowServiceTest, testException = [null], mergedContextConfiguration = [MergedContextConfiguration@3a937e0b testClass = ShowServiceTest, locations = '{}', classes = '{class com.ticketsystem.TicketSystemApplication}', contextInitializerClasses = '[]', activeProfiles = '{}', propertySourceLocations = '{}', propertySourceProperties = '{}', contextLoader = 'org.springframework.boot.test.SpringApplicationContextLoader', parent = [null]]].
2016-04-15 17:12:23.367  INFO 2220 --- [    Test worker] o.s.t.c.transaction.TransactionContext   : Began transaction (1) for test context [DefaultTestContext@78f77bff testClass = ShowServiceTest, testInstance = com.ticketsystem.service.ShowServiceTest@244683a5, testMethod = test_Show_FindAll_Page@ShowServiceTest, testException = [null], mergedContextConfiguration = [MergedContextConfiguration@3a937e0b testClass = ShowServiceTest, locations = '{}', classes = '{class com.ticketsystem.TicketSystemApplication}', contextInitializerClasses = '[]', activeProfiles = '{}', propertySourceLocations = '{}', propertySourceProperties = '{}', contextLoader = 'org.springframework.boot.test.SpringApplicationContextLoader', parent = [null]]]; transaction manager [org.springframework.orm.jpa.JpaTransactionManager@21e9685b]; rollback [true]
Hibernate: select count(show0_.show_seq) as col_0_0_ from show show0_
totalPages = 0
totalElements = 0
hasContent = false
2016-04-15 17:12:23.739  INFO 2220 --- [    Test worker] o.s.t.c.transaction.TransactionContext   : Rolled back transaction for test context [DefaultTestContext@78f77bff testClass = ShowServiceTest, testInstance = com.ticketsystem.service.ShowServiceTest@244683a5, testMethod = test_Show_FindAll_Page@ShowServiceTest, testException = [null], mergedContextConfiguration = [MergedContextConfiguration@3a937e0b testClass = ShowServiceTest, locations = '{}', classes = '{class com.ticketsystem.TicketSystemApplication}', contextInitializerClasses = '[]', activeProfiles = '{}', propertySourceLocations = '{}', propertySourceProperties = '{}', contextLoader = 'org.springframework.boot.test.SpringApplicationContextLoader', parent = [null]]].
]]></system-out>
  <system-err><![CDATA[]]></system-err>
</testsuite>
