<?xml version="1.0" encoding="UTF-8"?>
<testsuite name="com.ticketsystem.Service.ShowServiceTest" tests="3" skipped="0" failures="0" errors="0" timestamp="2016-04-14T01:45:28" hostname="gimminchang-ui-MacBook-Pro.local" time="0.463">
  <properties/>
  <testcase name="test_Show_등록" classname="com.ticketsystem.Service.ShowServiceTest" time="0.021"/>
  <testcase name="test_Show_FindAll_Page" classname="com.ticketsystem.Service.ShowServiceTest" time="0.41"/>
  <testcase name="test_Show_Exception_ShowNotFound" classname="com.ticketsystem.Service.ShowServiceTest" time="0.026"/>
  <system-out><![CDATA[2016-04-14 10:45:27.997  INFO 1074 --- [    Test worker] o.s.t.c.support.AbstractContextLoader    : Could not detect default resource locations for test class [com.ticketsystem.Service.ShowServiceTest]: no resource found for suffixes {-context.xml, Context.groovy}.
2016-04-14 10:45:28.008  INFO 1074 --- [    Test worker] o.s.t.c.s.DefaultTestContextBootstrapper : Loaded default TestExecutionListener class names from location [META-INF/spring.factories]: [org.springframework.test.context.web.ServletTestExecutionListener, org.springframework.test.context.support.DirtiesContextBeforeModesTestExecutionListener, org.springframework.test.context.support.DependencyInjectionTestExecutionListener, org.springframework.test.context.support.DirtiesContextTestExecutionListener, org.springframework.test.context.transaction.TransactionalTestExecutionListener, org.springframework.test.context.jdbc.SqlScriptsTestExecutionListener]
2016-04-14 10:45:28.009  INFO 1074 --- [    Test worker] o.s.t.c.s.DefaultTestContextBootstrapper : Using TestExecutionListeners: [org.springframework.test.context.web.ServletTestExecutionListener@5559bafb, org.springframework.test.context.support.DirtiesContextBeforeModesTestExecutionListener@5aeb4d0b, org.springframework.test.context.support.DependencyInjectionTestExecutionListener@7e1a2f94, org.springframework.test.context.support.DirtiesContextTestExecutionListener@6139873e, org.springframework.test.context.transaction.TransactionalTestExecutionListener@792f6780, org.springframework.test.context.jdbc.SqlScriptsTestExecutionListener@79aceebb]
2016-04-14 10:45:28.024  INFO 1074 --- [    Test worker] o.s.t.c.transaction.TransactionContext   : Began transaction (1) for test context [DefaultTestContext@671eee28 testClass = ShowServiceTest, testInstance = com.ticketsystem.Service.ShowServiceTest@19c1e3ee, testMethod = test_Show_등록@ShowServiceTest, testException = [null], mergedContextConfiguration = [MergedContextConfiguration@56651895 testClass = ShowServiceTest, locations = '{}', classes = '{class com.ticketsystem.TicketSystemApplication}', contextInitializerClasses = '[]', activeProfiles = '{}', propertySourceLocations = '{}', propertySourceProperties = '{}', contextLoader = 'org.springframework.boot.test.SpringApplicationContextLoader', parent = [null]]]; transaction manager [org.springframework.orm.jpa.JpaTransactionManager@76e991da]; rollback [true]
Hibernate: insert into show (show_seq, contents, end_date, reg_date, reg_id, running_time, show_cd, start_date, title, update_date, update_id) values (null, ?, ?, ?, ?, ?, ?, ?, ?, ?, ?)
2016-04-14 10:45:28.042  INFO 1074 --- [    Test worker] o.s.t.c.transaction.TransactionContext   : Rolled back transaction for test context [DefaultTestContext@671eee28 testClass = ShowServiceTest, testInstance = com.ticketsystem.Service.ShowServiceTest@19c1e3ee, testMethod = test_Show_등록@ShowServiceTest, testException = [null], mergedContextConfiguration = [MergedContextConfiguration@56651895 testClass = ShowServiceTest, locations = '{}', classes = '{class com.ticketsystem.TicketSystemApplication}', contextInitializerClasses = '[]', activeProfiles = '{}', propertySourceLocations = '{}', propertySourceProperties = '{}', contextLoader = 'org.springframework.boot.test.SpringApplicationContextLoader', parent = [null]]].
2016-04-14 10:45:28.049  INFO 1074 --- [    Test worker] o.s.t.c.transaction.TransactionContext   : Began transaction (1) for test context [DefaultTestContext@671eee28 testClass = ShowServiceTest, testInstance = com.ticketsystem.Service.ShowServiceTest@45435c43, testMethod = test_Show_FindAll_Page@ShowServiceTest, testException = [null], mergedContextConfiguration = [MergedContextConfiguration@56651895 testClass = ShowServiceTest, locations = '{}', classes = '{class com.ticketsystem.TicketSystemApplication}', contextInitializerClasses = '[]', activeProfiles = '{}', propertySourceLocations = '{}', propertySourceProperties = '{}', contextLoader = 'org.springframework.boot.test.SpringApplicationContextLoader', parent = [null]]]; transaction manager [org.springframework.orm.jpa.JpaTransactionManager@76e991da]; rollback [true]
Hibernate: select count(show0_.show_seq) as col_0_0_ from show show0_
totalPages = 0
totalElements = 0
hasContent = false
2016-04-14 10:45:28.453  INFO 1074 --- [    Test worker] o.s.t.c.transaction.TransactionContext   : Rolled back transaction for test context [DefaultTestContext@671eee28 testClass = ShowServiceTest, testInstance = com.ticketsystem.Service.ShowServiceTest@45435c43, testMethod = test_Show_FindAll_Page@ShowServiceTest, testException = [null], mergedContextConfiguration = [MergedContextConfiguration@56651895 testClass = ShowServiceTest, locations = '{}', classes = '{class com.ticketsystem.TicketSystemApplication}', contextInitializerClasses = '[]', activeProfiles = '{}', propertySourceLocations = '{}', propertySourceProperties = '{}', contextLoader = 'org.springframework.boot.test.SpringApplicationContextLoader', parent = [null]]].
2016-04-14 10:45:28.464  INFO 1074 --- [    Test worker] o.s.t.c.transaction.TransactionContext   : Began transaction (1) for test context [DefaultTestContext@671eee28 testClass = ShowServiceTest, testInstance = com.ticketsystem.Service.ShowServiceTest@1b3edc5e, testMethod = test_Show_Exception_ShowNotFound@ShowServiceTest, testException = [null], mergedContextConfiguration = [MergedContextConfiguration@56651895 testClass = ShowServiceTest, locations = '{}', classes = '{class com.ticketsystem.TicketSystemApplication}', contextInitializerClasses = '[]', activeProfiles = '{}', propertySourceLocations = '{}', propertySourceProperties = '{}', contextLoader = 'org.springframework.boot.test.SpringApplicationContextLoader', parent = [null]]]; transaction manager [org.springframework.orm.jpa.JpaTransactionManager@76e991da]; rollback [true]
Hibernate: select show0_.show_seq as show_seq1_0_0_, show0_.contents as contents2_0_0_, show0_.end_date as end_date3_0_0_, show0_.reg_date as reg_date4_0_0_, show0_.reg_id as reg_id5_0_0_, show0_.running_time as running_6_0_0_, show0_.show_cd as show_cd7_0_0_, show0_.start_date as start_da8_0_0_, show0_.title as title9_0_0_, show0_.update_date as update_10_0_0_, show0_.update_id as update_11_0_0_ from show show0_ where show0_.show_seq=?
2016-04-14 10:45:28.483  INFO 1074 --- [    Test worker] o.s.t.c.transaction.TransactionContext   : Rolled back transaction for test context [DefaultTestContext@671eee28 testClass = ShowServiceTest, testInstance = com.ticketsystem.Service.ShowServiceTest@1b3edc5e, testMethod = test_Show_Exception_ShowNotFound@ShowServiceTest, testException = [null], mergedContextConfiguration = [MergedContextConfiguration@56651895 testClass = ShowServiceTest, locations = '{}', classes = '{class com.ticketsystem.TicketSystemApplication}', contextInitializerClasses = '[]', activeProfiles = '{}', propertySourceLocations = '{}', propertySourceProperties = '{}', contextLoader = 'org.springframework.boot.test.SpringApplicationContextLoader', parent = [null]]].
]]></system-out>
  <system-err><![CDATA[]]></system-err>
</testsuite>
